start running...
configuration: (4, 1, 1, 1, 1):
enable both task and coroutine...
Task time: 2ms
Coro time: 2ms

configuration: (4, 1, 1, 1, 1):
enable both task and coroutine...
Task time: 1ms
Coro time: 2ms

configuration: (4, 1, 1, 1, 1):
enable both task and coroutine...
Task time: 1ms
Coro time: 2ms

configuration: (4, 1, 1, 1, 5):
enable both task and coroutine...
Task time: 5ms
Coro time: 6ms

configuration: (4, 1, 1, 1, 5):
enable both task and coroutine...
Task time: 6ms
Coro time: 6ms

configuration: (4, 1, 1, 1, 5):
enable both task and coroutine...
Task time: 6ms
Coro time: 6ms

configuration: (4, 1, 1, 1, 10):
enable both task and coroutine...
Task time: 11ms
Coro time: 11ms

configuration: (4, 1, 1, 1, 10):
enable both task and coroutine...
Task time: 11ms
Coro time: 10ms

configuration: (4, 1, 1, 1, 10):
enable both task and coroutine...
Task time: 10ms
Coro time: 11ms

configuration: (4, 1, 1, 1, 50):
enable both task and coroutine...
Task time: 50ms
Coro time: 53ms

configuration: (4, 1, 1, 1, 50):
enable both task and coroutine...
Task time: 53ms
Coro time: 53ms

configuration: (4, 1, 1, 1, 50):
enable both task and coroutine...
Task time: 52ms
Coro time: 53ms

configuration: (4, 1, 1, 5, 1):
enable both task and coroutine...
Task time: 5ms
Coro time: 6ms

configuration: (4, 1, 1, 5, 1):
enable both task and coroutine...
Task time: 5ms
Coro time: 6ms

configuration: (4, 1, 1, 5, 1):
enable both task and coroutine...
Task time: 5ms
Coro time: 6ms

configuration: (4, 1, 1, 5, 5):
enable both task and coroutine...
Task time: 10ms
Coro time: 10ms

configuration: (4, 1, 1, 5, 5):
enable both task and coroutine...
Task time: 10ms
Coro time: 10ms

configuration: (4, 1, 1, 5, 5):
enable both task and coroutine...
Task time: 10ms
Coro time: 10ms

configuration: (4, 1, 1, 5, 10):
enable both task and coroutine...
Task time: 15ms
Coro time: 15ms

configuration: (4, 1, 1, 5, 10):
enable both task and coroutine...
Task time: 15ms
Coro time: 15ms

configuration: (4, 1, 1, 5, 10):
enable both task and coroutine...
Task time: 15ms
Coro time: 15ms

configuration: (4, 1, 1, 5, 50):
enable both task and coroutine...
Task time: 57ms
Coro time: 57ms

configuration: (4, 1, 1, 5, 50):
enable both task and coroutine...
Task time: 57ms
Coro time: 57ms

configuration: (4, 1, 1, 5, 50):
enable both task and coroutine...
Task time: 56ms
Coro time: 57ms

configuration: (4, 1, 1, 10, 1):
enable both task and coroutine...
Task time: 10ms
Coro time: 10ms

configuration: (4, 1, 1, 10, 1):
enable both task and coroutine...
Task time: 10ms
Coro time: 11ms

configuration: (4, 1, 1, 10, 1):
enable both task and coroutine...
Task time: 10ms
Coro time: 11ms

configuration: (4, 1, 1, 10, 5):
enable both task and coroutine...
Task time: 15ms
Coro time: 14ms

configuration: (4, 1, 1, 10, 5):
enable both task and coroutine...
Task time: 14ms
Coro time: 15ms

configuration: (4, 1, 1, 10, 5):
enable both task and coroutine...
Task time: 15ms
Coro time: 14ms

configuration: (4, 1, 1, 10, 10):
enable both task and coroutine...
Task time: 20ms
Coro time: 19ms

configuration: (4, 1, 1, 10, 10):
enable both task and coroutine...
Task time: 20ms
Coro time: 19ms

configuration: (4, 1, 1, 10, 10):
enable both task and coroutine...
Task time: 20ms
Coro time: 19ms

configuration: (4, 1, 1, 10, 50):
enable both task and coroutine...
Task time: 62ms
Coro time: 61ms

configuration: (4, 1, 1, 10, 50):
enable both task and coroutine...
Task time: 61ms
Coro time: 61ms

configuration: (4, 1, 1, 10, 50):
enable both task and coroutine...
Task time: 62ms
Coro time: 61ms

configuration: (4, 1, 1, 50, 1):
enable both task and coroutine...
Task time: 50ms
Coro time: 51ms

configuration: (4, 1, 1, 50, 1):
enable both task and coroutine...
Task time: 50ms
Coro time: 51ms

configuration: (4, 1, 1, 50, 1):
enable both task and coroutine...
Task time: 51ms
Coro time: 51ms

configuration: (4, 1, 1, 50, 5):
enable both task and coroutine...
Task time: 55ms
Coro time: 55ms

configuration: (4, 1, 1, 50, 5):
enable both task and coroutine...
Task time: 54ms
Coro time: 55ms

configuration: (4, 1, 1, 50, 5):
enable both task and coroutine...
Task time: 55ms
Coro time: 54ms

configuration: (4, 1, 1, 50, 10):
enable both task and coroutine...
Task time: 60ms
Coro time: 60ms

configuration: (4, 1, 1, 50, 10):
enable both task and coroutine...
Task time: 60ms
Coro time: 58ms

configuration: (4, 1, 1, 50, 10):
enable both task and coroutine...
Task time: 60ms
Coro time: 60ms

configuration: (4, 1, 1, 50, 50):
enable both task and coroutine...
Task time: 102ms
Coro time: 101ms

configuration: (4, 1, 1, 50, 50):
enable both task and coroutine...
Task time: 102ms
Coro time: 102ms

configuration: (4, 1, 1, 50, 50):
enable both task and coroutine...
Task time: 101ms
Coro time: 102ms

configuration: (4, 2, 1, 1, 1):
enable both task and coroutine...
Task time: 2ms
Coro time: 2ms

configuration: (4, 2, 1, 1, 1):
enable both task and coroutine...
Task time: 2ms
Coro time: 2ms

configuration: (4, 2, 1, 1, 1):
enable both task and coroutine...
Task time: 1ms
Coro time: 2ms

configuration: (4, 2, 1, 1, 5):
enable both task and coroutine...
Task time: 11ms
Coro time: 6ms

configuration: (4, 2, 1, 1, 5):
enable both task and coroutine...
Task time: 6ms
Coro time: 6ms

configuration: (4, 2, 1, 1, 5):
enable both task and coroutine...
Task time: 11ms
Coro time: 6ms

configuration: (4, 2, 1, 1, 10):
enable both task and coroutine...
Task time: 20ms
Coro time: 11ms

configuration: (4, 2, 1, 1, 10):
enable both task and coroutine...
Task time: 11ms
Coro time: 11ms

configuration: (4, 2, 1, 1, 10):
enable both task and coroutine...
Task time: 11ms
Coro time: 11ms

configuration: (4, 2, 1, 1, 50):
enable both task and coroutine...
Task time: 102ms
Coro time: 53ms

configuration: (4, 2, 1, 1, 50):
enable both task and coroutine...
Task time: 104ms
Coro time: 53ms

configuration: (4, 2, 1, 1, 50):
enable both task and coroutine...
Task time: 52ms
Coro time: 53ms

configuration: (4, 2, 1, 5, 1):
enable both task and coroutine...
Task time: 5ms
Coro time: 6ms

configuration: (4, 2, 1, 5, 1):
enable both task and coroutine...
Task time: 6ms
Coro time: 6ms

configuration: (4, 2, 1, 5, 1):
enable both task and coroutine...
Task time: 5ms
Coro time: 6ms

configuration: (4, 2, 1, 5, 5):
enable both task and coroutine...
Task time: 10ms
Coro time: 10ms

configuration: (4, 2, 1, 5, 5):
enable both task and coroutine...
Task time: 9ms
Coro time: 10ms

configuration: (4, 2, 1, 5, 5):
enable both task and coroutine...
Task time: 9ms
Coro time: 10ms

configuration: (4, 2, 1, 5, 10):
enable both task and coroutine...
Task time: 15ms
Coro time: 15ms

configuration: (4, 2, 1, 5, 10):
enable both task and coroutine...
Task time: 15ms
Coro time: 16ms

configuration: (4, 2, 1, 5, 10):
enable both task and coroutine...
Task time: 15ms
Coro time: 15ms

configuration: (4, 2, 1, 5, 50):
enable both task and coroutine...
Task time: 55ms
Coro time: 57ms

configuration: (4, 2, 1, 5, 50):
enable both task and coroutine...
Task time: 53ms
Coro time: 57ms

configuration: (4, 2, 1, 5, 50):
enable both task and coroutine...
Task time: 57ms
Coro time: 55ms

configuration: (4, 2, 1, 10, 1):
enable both task and coroutine...
Task time: 10ms
Coro time: 10ms

configuration: (4, 2, 1, 10, 1):
enable both task and coroutine...
Task time: 10ms
Coro time: 10ms

configuration: (4, 2, 1, 10, 1):
enable both task and coroutine...
Task time: 11ms
Coro time: 10ms

configuration: (4, 2, 1, 10, 5):
enable both task and coroutine...
Task time: 15ms
Coro time: 14ms

configuration: (4, 2, 1, 10, 5):
enable both task and coroutine...
Task time: 15ms
Coro time: 15ms

configuration: (4, 2, 1, 10, 5):
enable both task and coroutine...
Task time: 14ms
Coro time: 15ms

configuration: (4, 2, 1, 10, 10):
enable both task and coroutine...
Task time: 20ms
Coro time: 20ms

configuration: (4, 2, 1, 10, 10):
enable both task and coroutine...
Task time: 20ms
Coro time: 26ms

configuration: (4, 2, 1, 10, 10):
enable both task and coroutine...
Task time: 20ms
Coro time: 20ms

configuration: (4, 2, 1, 10, 50):
enable both task and coroutine...
Task time: 114ms
Coro time: 63ms

configuration: (4, 2, 1, 10, 50):
enable both task and coroutine...
Task time: 62ms
Coro time: 62ms

configuration: (4, 2, 1, 10, 50):
enable both task and coroutine...
Task time: 62ms
Coro time: 63ms

configuration: (4, 2, 1, 50, 1):
enable both task and coroutine...
Task time: 50ms
Coro time: 51ms

configuration: (4, 2, 1, 50, 1):
enable both task and coroutine...
Task time: 51ms
Coro time: 51ms

configuration: (4, 2, 1, 50, 1):
enable both task and coroutine...
Task time: 51ms
Coro time: 51ms

configuration: (4, 2, 1, 50, 5):
enable both task and coroutine...
Task time: 55ms
Coro time: 55ms

configuration: (4, 2, 1, 50, 5):
enable both task and coroutine...
Task time: 55ms
Coro time: 56ms

configuration: (4, 2, 1, 50, 5):
enable both task and coroutine...
Task time: 55ms
Coro time: 55ms

configuration: (4, 2, 1, 50, 10):
enable both task and coroutine...
Task time: 70ms
Coro time: 61ms

configuration: (4, 2, 1, 50, 10):
enable both task and coroutine...
Task time: 60ms
Coro time: 60ms

configuration: (4, 2, 1, 50, 10):
enable both task and coroutine...
Task time: 59ms
Coro time: 60ms

configuration: (4, 2, 1, 50, 50):
enable both task and coroutine...
Task time: 102ms
Coro time: 102ms

configuration: (4, 2, 1, 50, 50):
enable both task and coroutine...
Task time: 102ms
Coro time: 102ms

configuration: (4, 2, 1, 50, 50):
enable both task and coroutine...
Task time: 101ms
Coro time: 101ms

configuration: (4, 4, 1, 1, 1):
enable both task and coroutine...
Task time: 2ms
Coro time: 2ms

configuration: (4, 4, 1, 1, 1):
enable both task and coroutine...
Task time: 1ms
Coro time: 2ms

configuration: (4, 4, 1, 1, 1):
enable both task and coroutine...
Task time: 1ms
Coro time: 2ms

configuration: (4, 4, 1, 1, 5):
enable both task and coroutine...
Task time: 16ms
Coro time: 6ms

configuration: (4, 4, 1, 1, 5):
enable both task and coroutine...
Task time: 6ms
Coro time: 6ms

configuration: (4, 4, 1, 1, 5):
enable both task and coroutine...
Task time: 11ms
Coro time: 6ms

configuration: (4, 4, 1, 1, 10):
enable both task and coroutine...
Task time: 10ms
Coro time: 11ms

configuration: (4, 4, 1, 1, 10):
enable both task and coroutine...
Task time: 21ms
Coro time: 11ms

configuration: (4, 4, 1, 1, 10):
enable both task and coroutine...
Task time: 10ms
Coro time: 11ms

configuration: (4, 4, 1, 1, 50):
enable both task and coroutine...
Task time: 106ms
Coro time: 53ms

configuration: (4, 4, 1, 1, 50):
enable both task and coroutine...
Task time: 105ms
Coro time: 53ms

configuration: (4, 4, 1, 1, 50):
enable both task and coroutine...
Task time: 53ms
Coro time: 53ms

configuration: (4, 4, 1, 5, 1):
enable both task and coroutine...
Task time: 5ms
Coro time: 6ms

configuration: (4, 4, 1, 5, 1):
enable both task and coroutine...
Task time: 6ms
Coro time: 6ms

configuration: (4, 4, 1, 5, 1):
enable both task and coroutine...
Task time: 6ms
Coro time: 6ms

configuration: (4, 4, 1, 5, 5):
enable both task and coroutine...
Task time: 15ms
Coro time: 10ms

configuration: (4, 4, 1, 5, 5):
enable both task and coroutine...
Task time: 15ms
Coro time: 10ms

configuration: (4, 4, 1, 5, 5):
enable both task and coroutine...
Task time: 10ms
Coro time: 10ms

configuration: (4, 4, 1, 5, 10):
enable both task and coroutine...
Task time: 15ms
Coro time: 16ms

configuration: (4, 4, 1, 5, 10):
enable both task and coroutine...
Task time: 26ms
Coro time: 15ms

configuration: (4, 4, 1, 5, 10):
enable both task and coroutine...
Task time: 15ms
Coro time: 16ms

configuration: (4, 4, 1, 5, 50):
enable both task and coroutine...
Task time: 57ms
Coro time: 57ms

configuration: (4, 4, 1, 5, 50):
enable both task and coroutine...
Task time: 57ms
Coro time: 56ms

configuration: (4, 4, 1, 5, 50):
enable both task and coroutine...
Task time: 57ms
Coro time: 57ms

configuration: (4, 4, 1, 10, 1):
enable both task and coroutine...
Task time: 11ms
Coro time: 11ms

configuration: (4, 4, 1, 10, 1):
enable both task and coroutine...
Task time: 12ms
Coro time: 11ms

configuration: (4, 4, 1, 10, 1):
enable both task and coroutine...
Task time: 12ms
Coro time: 10ms

configuration: (4, 4, 1, 10, 5):
enable both task and coroutine...
Task time: 20ms
Coro time: 14ms

configuration: (4, 4, 1, 10, 5):
enable both task and coroutine...
Task time: 15ms
Coro time: 15ms

configuration: (4, 4, 1, 10, 5):
enable both task and coroutine...
Task time: 20ms
Coro time: 14ms

configuration: (4, 4, 1, 10, 10):
enable both task and coroutine...
Task time: 20ms
Coro time: 20ms

configuration: (4, 4, 1, 10, 10):
enable both task and coroutine...
Task time: 20ms
Coro time: 20ms

configuration: (4, 4, 1, 10, 10):
enable both task and coroutine...
Task time: 20ms
Coro time: 21ms

configuration: (4, 4, 1, 10, 50):
enable both task and coroutine...
Task time: 62ms
Coro time: 63ms

configuration: (4, 4, 1, 10, 50):
enable both task and coroutine...
Task time: 114ms
Coro time: 63ms

configuration: (4, 4, 1, 10, 50):
enable both task and coroutine...
Task time: 62ms
Coro time: 63ms

configuration: (4, 4, 1, 50, 1):
enable both task and coroutine...
Task time: 51ms
Coro time: 51ms

configuration: (4, 4, 1, 50, 1):
enable both task and coroutine...
Task time: 51ms
Coro time: 51ms

configuration: (4, 4, 1, 50, 1):
enable both task and coroutine...
Task time: 52ms
Coro time: 51ms

configuration: (4, 4, 1, 50, 5):
enable both task and coroutine...
Task time: 54ms
Coro time: 55ms

configuration: (4, 4, 1, 50, 5):
enable both task and coroutine...
Task time: 60ms
Coro time: 55ms

configuration: (4, 4, 1, 50, 5):
enable both task and coroutine...
Task time: 60ms
Coro time: 55ms

configuration: (4, 4, 1, 50, 10):
enable both task and coroutine...
Task time: 58ms
Coro time: 61ms

configuration: (4, 4, 1, 50, 10):
enable both task and coroutine...
Task time: 60ms
Coro time: 59ms

configuration: (4, 4, 1, 50, 10):
enable both task and coroutine...
Task time: 70ms
Coro time: 59ms

configuration: (4, 4, 1, 50, 50):
enable both task and coroutine...
Task time: 207ms
Coro time: 103ms

configuration: (4, 4, 1, 50, 50):
enable both task and coroutine...
Task time: 154ms
Coro time: 103ms

configuration: (4, 4, 1, 50, 50):
enable both task and coroutine...
Task time: 154ms
Coro time: 103ms

configuration: (4, 8, 1, 1, 1):
enable both task and coroutine...
Task time: 5ms
Coro time: 3ms

configuration: (4, 8, 1, 1, 1):
enable both task and coroutine...
Task time: 5ms
Coro time: 3ms

configuration: (4, 8, 1, 1, 1):
enable both task and coroutine...
Task time: 6ms
Coro time: 3ms

configuration: (4, 8, 1, 1, 5):
enable both task and coroutine...
Task time: 17ms
Coro time: 7ms

configuration: (4, 8, 1, 1, 5):
enable both task and coroutine...
Task time: 26ms
Coro time: 7ms

configuration: (4, 8, 1, 1, 5):
enable both task and coroutine...
Task time: 23ms
Coro time: 7ms

configuration: (4, 8, 1, 1, 10):
enable both task and coroutine...
Task time: 23ms
Coro time: 12ms

configuration: (4, 8, 1, 1, 10):
enable both task and coroutine...
Task time: 33ms
Coro time: 12ms

configuration: (4, 8, 1, 1, 10):
enable both task and coroutine...
Task time: 63ms
Coro time: 12ms

configuration: (4, 8, 1, 1, 50):
enable both task and coroutine...
Task time: 263ms
Coro time: 54ms

configuration: (4, 8, 1, 1, 50):
enable both task and coroutine...
Task time: 159ms
Coro time: 54ms

configuration: (4, 8, 1, 1, 50):
enable both task and coroutine...
Task time: 159ms
Coro time: 54ms

configuration: (4, 8, 1, 5, 1):
enable both task and coroutine...
Task time: 12ms
Coro time: 11ms

configuration: (4, 8, 1, 5, 1):
enable both task and coroutine...
Task time: 11ms
Coro time: 11ms

configuration: (4, 8, 1, 5, 1):
enable both task and coroutine...
Task time: 11ms
Coro time: 11ms

configuration: (4, 8, 1, 5, 5):
enable both task and coroutine...
Task time: 20ms
Coro time: 15ms

configuration: (4, 8, 1, 5, 5):
enable both task and coroutine...
Task time: 19ms
Coro time: 15ms

configuration: (4, 8, 1, 5, 5):
enable both task and coroutine...
Task time: 20ms
Coro time: 15ms

configuration: (4, 8, 1, 5, 10):
enable both task and coroutine...
Task time: 31ms
Coro time: 21ms

configuration: (4, 8, 1, 5, 10):
enable both task and coroutine...
Task time: 31ms
Coro time: 21ms

configuration: (4, 8, 1, 5, 10):
enable both task and coroutine...
Task time: 31ms
Coro time: 21ms

configuration: (4, 8, 1, 5, 50):
enable both task and coroutine...
Task time: 165ms
Coro time: 63ms

configuration: (4, 8, 1, 5, 50):
enable both task and coroutine...
Task time: 166ms
Coro time: 63ms

configuration: (4, 8, 1, 5, 50):
enable both task and coroutine...
Task time: 113ms
Coro time: 63ms

configuration: (4, 8, 1, 10, 1):
enable both task and coroutine...
Task time: 23ms
Coro time: 22ms

configuration: (4, 8, 1, 10, 1):
enable both task and coroutine...
Task time: 23ms
Coro time: 22ms

configuration: (4, 8, 1, 10, 1):
enable both task and coroutine...
Task time: 23ms
Coro time: 22ms

configuration: (4, 8, 1, 10, 5):
enable both task and coroutine...
Task time: 40ms
Coro time: 25ms

configuration: (4, 8, 1, 10, 5):
enable both task and coroutine...
Task time: 30ms
Coro time: 26ms

configuration: (4, 8, 1, 10, 5):
enable both task and coroutine...
Task time: 35ms
Coro time: 26ms

configuration: (4, 8, 1, 10, 10):
enable both task and coroutine...
Task time: 50ms
Coro time: 30ms

configuration: (4, 8, 1, 10, 10):
enable both task and coroutine...
Task time: 51ms
Coro time: 30ms

configuration: (4, 8, 1, 10, 10):
enable both task and coroutine...
Task time: 59ms
Coro time: 31ms

configuration: (4, 8, 1, 10, 50):
enable both task and coroutine...
Task time: 176ms
Coro time: 72ms

configuration: (4, 8, 1, 10, 50):
enable both task and coroutine...
Task time: 272ms
Coro time: 72ms

configuration: (4, 8, 1, 10, 50):
enable both task and coroutine...
Task time: 229ms
Coro time: 72ms

configuration: (4, 8, 1, 50, 1):
enable both task and coroutine...
Task time: 101ms
Coro time: 101ms

configuration: (4, 8, 1, 50, 1):
enable both task and coroutine...
Task time: 104ms
Coro time: 101ms

configuration: (4, 8, 1, 50, 1):
enable both task and coroutine...
Task time: 102ms
Coro time: 101ms

configuration: (4, 8, 1, 50, 5):
enable both task and coroutine...
Task time: 115ms
Coro time: 106ms

configuration: (4, 8, 1, 50, 5):
enable both task and coroutine...
Task time: 120ms
Coro time: 106ms

configuration: (4, 8, 1, 50, 5):
enable both task and coroutine...
Task time: 114ms
Coro time: 106ms

configuration: (4, 8, 1, 50, 10):
enable both task and coroutine...
Task time: 140ms
Coro time: 111ms

configuration: (4, 8, 1, 50, 10):
enable both task and coroutine...
Task time: 130ms
Coro time: 111ms

configuration: (4, 8, 1, 50, 10):
enable both task and coroutine...
Task time: 141ms
Coro time: 111ms

configuration: (4, 8, 1, 50, 50):
enable both task and coroutine...
Task time: 312ms
Coro time: 153ms

configuration: (4, 8, 1, 50, 50):
enable both task and coroutine...
Task time: 312ms
Coro time: 153ms

configuration: (4, 8, 1, 50, 50):
enable both task and coroutine...
Task time: 256ms
Coro time: 153ms

configuration: (4, 16, 1, 1, 1):
enable both task and coroutine...
Task time: 14ms
Coro time: 5ms

configuration: (4, 16, 1, 1, 1):
enable both task and coroutine...
Task time: 14ms
Coro time: 5ms

configuration: (4, 16, 1, 1, 1):
enable both task and coroutine...
Task time: 8ms
Coro time: 6ms

configuration: (4, 16, 1, 1, 5):
enable both task and coroutine...
Task time: 69ms
Coro time: 12ms

configuration: (4, 16, 1, 1, 5):
enable both task and coroutine...
Task time: 49ms
Coro time: 12ms

configuration: (4, 16, 1, 1, 5):
enable both task and coroutine...
Task time: 68ms
Coro time: 13ms

configuration: (4, 16, 1, 1, 10):
enable both task and coroutine...
Task time: 115ms
Coro time: 23ms

configuration: (4, 16, 1, 1, 10):
enable both task and coroutine...
Task time: 75ms
Coro time: 23ms

configuration: (4, 16, 1, 1, 10):
enable both task and coroutine...
Task time: 55ms
Coro time: 23ms

configuration: (4, 16, 1, 1, 50):
enable both task and coroutine...
Task time: 681ms
Coro time: 107ms

configuration: (4, 16, 1, 1, 50):
enable both task and coroutine...
Task time: 682ms
Coro time: 107ms

configuration: (4, 16, 1, 1, 50):
enable both task and coroutine...
Task time: 526ms
Coro time: 107ms

configuration: (4, 16, 1, 5, 1):
enable both task and coroutine...
Task time: 25ms
Coro time: 23ms

configuration: (4, 16, 1, 5, 1):
enable both task and coroutine...
Task time: 24ms
Coro time: 22ms

configuration: (4, 16, 1, 5, 1):
enable both task and coroutine...
Task time: 25ms
Coro time: 22ms

configuration: (4, 16, 1, 5, 5):
enable both task and coroutine...
Task time: 62ms
Coro time: 26ms

configuration: (4, 16, 1, 5, 5):
enable both task and coroutine...
Task time: 45ms
Coro time: 26ms

configuration: (4, 16, 1, 5, 5):
enable both task and coroutine...
Task time: 73ms
Coro time: 25ms

configuration: (4, 16, 1, 5, 10):
enable both task and coroutine...
Task time: 77ms
Coro time: 31ms

configuration: (4, 16, 1, 5, 10):
enable both task and coroutine...
Task time: 120ms
Coro time: 31ms

configuration: (4, 16, 1, 5, 10):
enable both task and coroutine...
Task time: 141ms
Coro time: 31ms

configuration: (4, 16, 1, 5, 50):
enable both task and coroutine...
Task time: 481ms
Coro time: 115ms

configuration: (4, 16, 1, 5, 50):
enable both task and coroutine...
Task time: 533ms
Coro time: 115ms

configuration: (4, 16, 1, 5, 50):
enable both task and coroutine...
Task time: 480ms
Coro time: 115ms

configuration: (4, 16, 1, 10, 1):
enable both task and coroutine...
Task time: 44ms
Coro time: 42ms

configuration: (4, 16, 1, 10, 1):
enable both task and coroutine...
Task time: 43ms
Coro time: 42ms

configuration: (4, 16, 1, 10, 1):
enable both task and coroutine...
Task time: 43ms
Coro time: 41ms

configuration: (4, 16, 1, 10, 5):
enable both task and coroutine...
Task time: 64ms
Coro time: 46ms

configuration: (4, 16, 1, 10, 5):
enable both task and coroutine...
Task time: 80ms
Coro time: 45ms

configuration: (4, 16, 1, 10, 5):
enable both task and coroutine...
Task time: 59ms
Coro time: 46ms

configuration: (4, 16, 1, 10, 10):
enable both task and coroutine...
Task time: 124ms
Coro time: 51ms

configuration: (4, 16, 1, 10, 10):
enable both task and coroutine...
Task time: 146ms
Coro time: 51ms

configuration: (4, 16, 1, 10, 10):
enable both task and coroutine...
Task time: 145ms
Coro time: 51ms

configuration: (4, 16, 1, 10, 50):
enable both task and coroutine...
Task time: 690ms
Coro time: 125ms

configuration: (4, 16, 1, 10, 50):
enable both task and coroutine...
Task time: 438ms
Coro time: 125ms

configuration: (4, 16, 1, 10, 50):
enable both task and coroutine...
Task time: 691ms
Coro time: 125ms

configuration: (4, 16, 1, 50, 1):
enable both task and coroutine...
Task time: 205ms
Coro time: 202ms

configuration: (4, 16, 1, 50, 1):
enable both task and coroutine...
Task time: 204ms
Coro time: 202ms

configuration: (4, 16, 1, 50, 1):
enable both task and coroutine...
Task time: 204ms
Coro time: 202ms

configuration: (4, 16, 1, 50, 5):
enable both task and coroutine...
Task time: 224ms
Coro time: 206ms

configuration: (4, 16, 1, 50, 5):
enable both task and coroutine...
Task time: 219ms
Coro time: 206ms

configuration: (4, 16, 1, 50, 5):
enable both task and coroutine...
Task time: 229ms
Coro time: 206ms

configuration: (4, 16, 1, 50, 10):
enable both task and coroutine...
Task time: 250ms
Coro time: 211ms

configuration: (4, 16, 1, 50, 10):
enable both task and coroutine...
Task time: 261ms
Coro time: 211ms

configuration: (4, 16, 1, 50, 10):
enable both task and coroutine...
Task time: 249ms
Coro time: 211ms

configuration: (4, 16, 1, 50, 50):
enable both task and coroutine...
Task time: 623ms
Coro time: 253ms

configuration: (4, 16, 1, 50, 50):
enable both task and coroutine...
Task time: 676ms
Coro time: 253ms

configuration: (4, 16, 1, 50, 50):
enable both task and coroutine...
Task time: 623ms
Coro time: 254ms

configuration: (4, 32, 1, 1, 1):
enable both task and coroutine...
Task time: 28ms
Coro time: 10ms

configuration: (4, 32, 1, 1, 1):
enable both task and coroutine...
Task time: 17ms
Coro time: 10ms

configuration: (4, 32, 1, 1, 1):
enable both task and coroutine...
Task time: 30ms
Coro time: 9ms

configuration: (4, 32, 1, 1, 5):
enable both task and coroutine...
Task time: 97ms
Coro time: 23ms

configuration: (4, 32, 1, 1, 5):
enable both task and coroutine...
Task time: 163ms
Coro time: 19ms

configuration: (4, 32, 1, 1, 5):
enable both task and coroutine...
Task time: 59ms
Coro time: 23ms

configuration: (4, 32, 1, 1, 10):
enable both task and coroutine...
Task time: 264ms
Coro time: 43ms

configuration: (4, 32, 1, 1, 10):
enable both task and coroutine...
Task time: 283ms
Coro time: 43ms

configuration: (4, 32, 1, 1, 10):
enable both task and coroutine...
Task time: 304ms
Coro time: 44ms

configuration: (4, 32, 1, 1, 50):
enable both task and coroutine...
Task time: 1520ms
Coro time: 212ms

configuration: (4, 32, 1, 1, 50):
enable both task and coroutine...
Task time: 1521ms
Coro time: 211ms

configuration: (4, 32, 1, 1, 50):
enable both task and coroutine...
Task time: 1260ms
Coro time: 212ms

configuration: (4, 32, 1, 5, 1):
enable both task and coroutine...
Task time: 45ms
Coro time: 43ms

configuration: (4, 32, 1, 5, 1):
enable both task and coroutine...
Task time: 45ms
Coro time: 42ms

configuration: (4, 32, 1, 5, 1):
enable both task and coroutine...
Task time: 45ms
Coro time: 42ms

configuration: (4, 32, 1, 5, 5):
enable both task and coroutine...
Task time: 157ms
Coro time: 46ms

configuration: (4, 32, 1, 5, 5):
enable both task and coroutine...
Task time: 157ms
Coro time: 47ms

configuration: (4, 32, 1, 5, 5):
enable both task and coroutine...
Task time: 97ms
Coro time: 47ms

configuration: (4, 32, 1, 5, 10):
enable both task and coroutine...
Task time: 234ms
Coro time: 52ms

configuration: (4, 32, 1, 5, 10):
enable both task and coroutine...
Task time: 266ms
Coro time: 51ms

configuration: (4, 32, 1, 5, 10):
enable both task and coroutine...
Task time: 260ms
Coro time: 52ms

configuration: (4, 32, 1, 5, 50):
enable both task and coroutine...
Task time: 1629ms
Coro time: 220ms

configuration: (4, 32, 1, 5, 50):
enable both task and coroutine...
Task time: 1320ms
Coro time: 215ms

configuration: (4, 32, 1, 5, 50):
enable both task and coroutine...
Task time: 1360ms
Coro time: 216ms

configuration: (4, 32, 1, 10, 1):
enable both task and coroutine...
Task time: 87ms
Coro time: 83ms

configuration: (4, 32, 1, 10, 1):
enable both task and coroutine...
Task time: 87ms
Coro time: 82ms

configuration: (4, 32, 1, 10, 1):
enable both task and coroutine...
Task time: 87ms
Coro time: 83ms

configuration: (4, 32, 1, 10, 5):
enable both task and coroutine...
Task time: 152ms
Coro time: 86ms

configuration: (4, 32, 1, 10, 5):
enable both task and coroutine...
Task time: 157ms
Coro time: 86ms

configuration: (4, 32, 1, 10, 5):
enable both task and coroutine...
Task time: 148ms
Coro time: 85ms

configuration: (4, 32, 1, 10, 10):
enable both task and coroutine...
Task time: 169ms
Coro time: 92ms

configuration: (4, 32, 1, 10, 10):
enable both task and coroutine...
Task time: 175ms
Coro time: 91ms

configuration: (4, 32, 1, 10, 10):
enable both task and coroutine...
Task time: 298ms
Coro time: 92ms

configuration: (4, 32, 1, 10, 50):
enable both task and coroutine...
Task time: 1417ms
Coro time: 206ms

configuration: (4, 32, 1, 10, 50):
enable both task and coroutine...
Task time: 1256ms
Coro time: 229ms

configuration: (4, 32, 1, 10, 50):
enable both task and coroutine...
Task time: 1292ms
Coro time: 218ms

configuration: (4, 32, 1, 50, 1):
enable both task and coroutine...
Task time: 406ms
Coro time: 402ms

configuration: (4, 32, 1, 50, 1):
enable both task and coroutine...
Task time: 406ms
Coro time: 402ms

configuration: (4, 32, 1, 50, 1):
enable both task and coroutine...
Task time: 408ms
Coro time: 402ms

configuration: (4, 32, 1, 50, 5):
enable both task and coroutine...
Task time: 453ms
Coro time: 406ms

configuration: (4, 32, 1, 50, 5):
enable both task and coroutine...
Task time: 452ms
Coro time: 406ms

configuration: (4, 32, 1, 50, 5):
enable both task and coroutine...
Task time: 447ms
Coro time: 406ms

configuration: (4, 32, 1, 50, 10):
enable both task and coroutine...
Task time: 509ms
Coro time: 421ms

configuration: (4, 32, 1, 50, 10):
enable both task and coroutine...
Task time: 506ms
Coro time: 411ms

configuration: (4, 32, 1, 50, 10):
enable both task and coroutine...
Task time: 504ms
Coro time: 411ms

configuration: (4, 32, 1, 50, 50):
enable both task and coroutine...
Task time: 1482ms
Coro time: 450ms

configuration: (4, 32, 1, 50, 50):
enable both task and coroutine...
Task time: 1433ms
Coro time: 449ms

configuration: (4, 32, 1, 50, 50):
enable both task and coroutine...
Task time: 829ms
Coro time: 446ms

configuration: (4, 64, 1, 1, 1):
enable both task and coroutine...
Task time: 62ms
Coro time: 18ms

configuration: (4, 64, 1, 1, 1):
enable both task and coroutine...
Task time: 55ms
Coro time: 19ms

configuration: (4, 64, 1, 1, 1):
enable both task and coroutine...
Task time: 56ms
Coro time: 20ms

configuration: (4, 64, 1, 1, 5):
enable both task and coroutine...
Task time: 299ms
Coro time: 41ms

configuration: (4, 64, 1, 1, 5):
enable both task and coroutine...
Task time: 283ms
Coro time: 41ms

configuration: (4, 64, 1, 1, 5):
enable both task and coroutine...
Task time: 322ms
Coro time: 44ms

configuration: (4, 64, 1, 1, 10):
enable both task and coroutine...
Task time: 568ms
Coro time: 78ms

configuration: (4, 64, 1, 1, 10):
enable both task and coroutine...
Task time: 621ms
Coro time: 86ms

configuration: (4, 64, 1, 1, 10):
enable both task and coroutine...
Task time: 618ms
Coro time: 86ms

configuration: (4, 64, 1, 1, 50):
enable both task and coroutine...
Task time: 3042ms
Coro time: 411ms

configuration: (4, 64, 1, 1, 50):
enable both task and coroutine...
Task time: 3180ms
Coro time: 419ms

configuration: (4, 64, 1, 1, 50):
enable both task and coroutine...
Task time: 3088ms
Coro time: 419ms

configuration: (4, 64, 1, 5, 1):
enable both task and coroutine...
Task time: 88ms
Coro time: 85ms

configuration: (4, 64, 1, 5, 1):
enable both task and coroutine...
Task time: 87ms
Coro time: 84ms

configuration: (4, 64, 1, 5, 1):
enable both task and coroutine...
Task time: 87ms
Coro time: 85ms

configuration: (4, 64, 1, 5, 5):
enable both task and coroutine...
Task time: 297ms
Coro time: 88ms

configuration: (4, 64, 1, 5, 5):
enable both task and coroutine...
Task time: 172ms
Coro time: 89ms

configuration: (4, 64, 1, 5, 5):
enable both task and coroutine...
Task time: 314ms
Coro time: 88ms

configuration: (4, 64, 1, 5, 10):
enable both task and coroutine...
Task time: 615ms
Coro time: 93ms

configuration: (4, 64, 1, 5, 10):
enable both task and coroutine...
Task time: 604ms
Coro time: 94ms

configuration: (4, 64, 1, 5, 10):
enable both task and coroutine...
Task time: 613ms
Coro time: 95ms

configuration: (4, 64, 1, 5, 50):
enable both task and coroutine...
Task time: 3041ms
Coro time: 429ms

configuration: (4, 64, 1, 5, 50):
enable both task and coroutine...
Task time: 2736ms
Coro time: 423ms

configuration: (4, 64, 1, 5, 50):
enable both task and coroutine...
Task time: 3149ms
Coro time: 430ms

configuration: (4, 64, 1, 10, 1):
enable both task and coroutine...
Task time: 171ms
Coro time: 164ms

configuration: (4, 64, 1, 10, 1):
enable both task and coroutine...
Task time: 170ms
Coro time: 164ms

configuration: (4, 64, 1, 10, 1):
enable both task and coroutine...
Task time: 171ms
Coro time: 164ms

configuration: (4, 64, 1, 10, 5):
enable both task and coroutine...
Task time: 327ms
Coro time: 168ms

configuration: (4, 64, 1, 10, 5):
enable both task and coroutine...
Task time: 251ms
Coro time: 168ms

configuration: (4, 64, 1, 10, 5):
enable both task and coroutine...
Task time: 333ms
Coro time: 168ms

configuration: (4, 64, 1, 10, 10):
enable both task and coroutine...
Task time: 627ms
Coro time: 173ms

configuration: (4, 64, 1, 10, 10):
enable both task and coroutine...
Task time: 344ms
Coro time: 174ms

configuration: (4, 64, 1, 10, 10):
enable both task and coroutine...
Task time: 626ms
Coro time: 174ms

configuration: (4, 64, 1, 10, 50):
enable both task and coroutine...
Task time: 2912ms
Coro time: 439ms

configuration: (4, 64, 1, 10, 50):
enable both task and coroutine...
Task time: 2955ms
Coro time: 438ms

configuration: (4, 64, 1, 10, 50):
enable both task and coroutine...
Task time: 3060ms
Coro time: 439ms

configuration: (4, 64, 1, 50, 1):
enable both task and coroutine...
Task time: 808ms
Coro time: 804ms

configuration: (4, 64, 1, 50, 1):
enable both task and coroutine...
Task time: 808ms
Coro time: 804ms

configuration: (4, 64, 1, 50, 1):
enable both task and coroutine...
Task time: 808ms
Coro time: 804ms

configuration: (4, 64, 1, 50, 5):
enable both task and coroutine...
Task time: 888ms
Coro time: 808ms

configuration: (4, 64, 1, 50, 5):
enable both task and coroutine...
Task time: 891ms
Coro time: 808ms

configuration: (4, 64, 1, 50, 5):
enable both task and coroutine...
Task time: 883ms
Coro time: 808ms

configuration: (4, 64, 1, 50, 10):
enable both task and coroutine...
Task time: 988ms
Coro time: 813ms

configuration: (4, 64, 1, 50, 10):
enable both task and coroutine...
Task time: 988ms
Coro time: 813ms

configuration: (4, 64, 1, 50, 10):
enable both task and coroutine...
Task time: 978ms
Coro time: 813ms

configuration: (4, 64, 1, 50, 50):
enable both task and coroutine...
Task time: 3247ms
Coro time: 856ms

configuration: (4, 64, 1, 50, 50):
enable both task and coroutine...
Task time: 3140ms
Coro time: 856ms

configuration: (4, 64, 1, 50, 50):
enable both task and coroutine...
Task time: 3140ms
Coro time: 856ms

configuration: (4, 128, 1, 1, 1):
enable both task and coroutine...
Task time: 131ms
Coro time: 37ms

configuration: (4, 128, 1, 1, 1):
enable both task and coroutine...
Task time: 132ms
Coro time: 36ms

configuration: (4, 128, 1, 1, 1):
enable both task and coroutine...
Task time: 132ms
Coro time: 39ms

configuration: (4, 128, 1, 1, 5):
enable both task and coroutine...
Task time: 655ms
Coro time: 86ms

configuration: (4, 128, 1, 1, 5):
enable both task and coroutine...
Task time: 654ms
Coro time: 86ms

configuration: (4, 128, 1, 1, 5):
enable both task and coroutine...
Task time: 572ms
Coro time: 86ms

configuration: (4, 128, 1, 1, 10):
enable both task and coroutine...
Task time: 1281ms
Coro time: 158ms

configuration: (4, 128, 1, 1, 10):
enable both task and coroutine...
Task time: 1311ms
Coro time: 169ms

configuration: (4, 128, 1, 1, 10):
enable both task and coroutine...
Task time: 1300ms
Coro time: 159ms

configuration: (4, 128, 1, 1, 50):
enable both task and coroutine...
Task time: 6396ms
Coro time: 842ms

configuration: (4, 128, 1, 1, 50):
enable both task and coroutine...
Task time: 6500ms
Coro time: 789ms

configuration: (4, 128, 1, 1, 50):
enable both task and coroutine...
Task time: 6397ms
Coro time: 840ms

configuration: (4, 128, 1, 5, 1):
enable both task and coroutine...
Task time: 172ms
Coro time: 167ms

configuration: (4, 128, 1, 5, 1):
enable both task and coroutine...
Task time: 171ms
Coro time: 167ms

configuration: (4, 128, 1, 5, 1):
enable both task and coroutine...
Task time: 171ms
Coro time: 167ms

configuration: (4, 128, 1, 5, 5):
enable both task and coroutine...
Task time: 631ms
Coro time: 171ms

configuration: (4, 128, 1, 5, 5):
enable both task and coroutine...
Task time: 649ms
Coro time: 172ms

configuration: (4, 128, 1, 5, 5):
enable both task and coroutine...
Task time: 654ms
Coro time: 171ms

configuration: (4, 128, 1, 5, 10):
enable both task and coroutine...
Task time: 1298ms
Coro time: 177ms

configuration: (4, 128, 1, 5, 10):
enable both task and coroutine...
Task time: 1315ms
Coro time: 177ms

configuration: (4, 128, 1, 5, 10):
enable both task and coroutine...
Task time: 1277ms
Coro time: 177ms

configuration: (4, 128, 1, 5, 50):
enable both task and coroutine...
Task time: 6548ms
Coro time: 845ms

configuration: (4, 128, 1, 5, 50):
enable both task and coroutine...
Task time: 6533ms
Coro time: 846ms

configuration: (4, 128, 1, 5, 50):
enable both task and coroutine...
Task time: 6483ms
Coro time: 800ms

configuration: (4, 128, 1, 10, 1):
enable both task and coroutine...
Task time: 338ms
Coro time: 326ms

configuration: (4, 128, 1, 10, 1):
enable both task and coroutine...
Task time: 338ms
Coro time: 327ms

configuration: (4, 128, 1, 10, 1):
enable both task and coroutine...
Task time: 338ms
Coro time: 327ms

configuration: (4, 128, 1, 10, 5):
enable both task and coroutine...
Task time: 662ms
Coro time: 331ms

configuration: (4, 128, 1, 10, 5):
enable both task and coroutine...
Task time: 648ms
Coro time: 330ms

configuration: (4, 128, 1, 10, 5):
enable both task and coroutine...
Task time: 656ms
Coro time: 330ms

configuration: (4, 128, 1, 10, 10):
enable both task and coroutine...
Task time: 1304ms
Coro time: 337ms

configuration: (4, 128, 1, 10, 10):
enable both task and coroutine...
Task time: 1316ms
Coro time: 336ms

configuration: (4, 128, 1, 10, 10):
enable both task and coroutine...
Task time: 1295ms
Coro time: 336ms

configuration: (4, 128, 1, 10, 50):
enable both task and coroutine...
Task time: 6387ms
Coro time: 841ms

configuration: (4, 128, 1, 10, 50):
enable both task and coroutine...
Task time: 6101ms
Coro time: 859ms

configuration: (4, 128, 1, 10, 50):
enable both task and coroutine...
Task time: 6263ms
Coro time: 859ms

configuration: (4, 128, 1, 50, 1):
enable both task and coroutine...
Task time: 1615ms
Coro time: 1607ms

configuration: (4, 128, 1, 50, 1):
enable both task and coroutine...
Task time: 1614ms
Coro time: 1607ms

configuration: (4, 128, 1, 50, 1):
enable both task and coroutine...
Task time: 1614ms
Coro time: 1607ms

configuration: (4, 128, 1, 50, 5):
enable both task and coroutine...
Task time: 1761ms
Coro time: 1611ms

configuration: (4, 128, 1, 50, 5):
enable both task and coroutine...
Task time: 1762ms
Coro time: 1611ms

configuration: (4, 128, 1, 50, 5):
enable both task and coroutine...
Task time: 1761ms
Coro time: 1611ms

configuration: (4, 128, 1, 50, 10):
enable both task and coroutine...
Task time: 1934ms
Coro time: 1616ms

configuration: (4, 128, 1, 50, 10):
enable both task and coroutine...
Task time: 1944ms
Coro time: 1616ms

configuration: (4, 128, 1, 50, 10):
enable both task and coroutine...
Task time: 1934ms
Coro time: 1616ms

configuration: (4, 128, 1, 50, 50):
enable both task and coroutine...
Task time: 6390ms
Coro time: 1659ms

configuration: (4, 128, 1, 50, 50):
enable both task and coroutine...
Task time: 6437ms
Coro time: 1659ms

configuration: (4, 128, 1, 50, 50):
enable both task and coroutine...
Task time: 6603ms
Coro time: 1659ms

configuration: (4, 256, 1, 1, 1):
enable both task and coroutine...
Task time: 268ms
Coro time: 75ms

configuration: (4, 256, 1, 1, 1):
enable both task and coroutine...
Task time: 207ms
Coro time: 75ms

configuration: (4, 256, 1, 1, 1):
enable both task and coroutine...
Task time: 225ms
Coro time: 74ms

configuration: (4, 256, 1, 1, 5):
enable both task and coroutine...
Task time: 1326ms
Coro time: 169ms

configuration: (4, 256, 1, 1, 5):
enable both task and coroutine...
Task time: 1238ms
Coro time: 170ms

configuration: (4, 256, 1, 1, 5):
enable both task and coroutine...
Task time: 1326ms
Coro time: 170ms

configuration: (4, 256, 1, 1, 10):
enable both task and coroutine...
Task time: 2674ms
Coro time: 337ms

configuration: (4, 256, 1, 1, 10):
enable both task and coroutine...
Task time: 2664ms
Coro time: 336ms

configuration: (4, 256, 1, 1, 10):
enable both task and coroutine...
Task time: 2623ms
Coro time: 328ms

configuration: (4, 256, 1, 1, 50):
enable both task and coroutine...
Task time: 13222ms
Coro time: 1679ms

configuration: (4, 256, 1, 1, 50):
enable both task and coroutine...
Task time: 13055ms
Coro time: 1678ms

configuration: (4, 256, 1, 1, 50):
enable both task and coroutine...
Task time: 13260ms
Coro time: 1680ms

configuration: (4, 256, 1, 5, 1):
enable both task and coroutine...
Task time: 339ms
Coro time: 333ms

configuration: (4, 256, 1, 5, 1):
enable both task and coroutine...
Task time: 339ms
Coro time: 333ms

configuration: (4, 256, 1, 5, 1):
enable both task and coroutine...
Task time: 339ms
Coro time: 333ms

configuration: (4, 256, 1, 5, 5):
enable both task and coroutine...
Task time: 1314ms
Coro time: 336ms

configuration: (4, 256, 1, 5, 5):
enable both task and coroutine...
Task time: 1319ms
Coro time: 336ms

configuration: (4, 256, 1, 5, 5):
enable both task and coroutine...
Task time: 1298ms
Coro time: 336ms

configuration: (4, 256, 1, 5, 10):
enable both task and coroutine...
Task time: 2561ms
Coro time: 345ms

configuration: (4, 256, 1, 5, 10):
enable both task and coroutine...
Task time: 2629ms
Coro time: 345ms

configuration: (4, 256, 1, 5, 10):
enable both task and coroutine...
Task time: 2630ms
Coro time: 345ms

configuration: (4, 256, 1, 5, 50):
enable both task and coroutine...
Task time: 13373ms
Coro time: 1632ms

configuration: (4, 256, 1, 5, 50):
enable both task and coroutine...
Task time: 13266ms
Coro time: 1680ms

configuration: (4, 256, 1, 5, 50):
enable both task and coroutine...
Task time: 12671ms
Coro time: 1664ms

configuration: (4, 256, 1, 10, 1):
enable both task and coroutine...
Task time: 675ms
Coro time: 653ms

configuration: (4, 256, 1, 10, 1):
enable both task and coroutine...
Task time: 674ms
Coro time: 653ms

configuration: (4, 256, 1, 10, 1):
enable both task and coroutine...
Task time: 674ms
Coro time: 652ms

configuration: (4, 256, 1, 10, 5):
enable both task and coroutine...
Task time: 1331ms
Coro time: 656ms

configuration: (4, 256, 1, 10, 5):
enable both task and coroutine...
Task time: 1337ms
Coro time: 656ms

configuration: (4, 256, 1, 10, 5):
enable both task and coroutine...
Task time: 1338ms
Coro time: 656ms

configuration: (4, 256, 1, 10, 10):
enable both task and coroutine...
Task time: 2626ms
Coro time: 661ms

