nohup: ignoring input
start running...
mode: TaroCBV1, #threads: 2, #streams: 2, job: sleep, #degrees: 2, #levels: 10
Construction time: 78 ms
Execution time: 42580 ms
Construction time: 75 ms
Execution time: 42905 ms
Construction time: 67 ms
Execution time: 42959 ms
 
mode: TaroCBV1, #threads: 2, #streams: 4, job: sleep, #degrees: 2, #levels: 10
Construction time: 67 ms
Execution time: 21582 ms
Construction time: 77 ms
Execution time: 21583 ms
Construction time: 68 ms
Execution time: 21583 ms
 
mode: TaroCBV1, #threads: 2, #streams: 32, job: sleep, #degrees: 2, #levels: 10
Construction time: 71 ms
Execution time: 10947 ms
Construction time: 81 ms
Execution time: 10948 ms
Construction time: 67 ms
Execution time: 11016 ms
 
mode: TaroCBV1, #threads: 4, #streams: 2, job: sleep, #degrees: 2, #levels: 10
Construction time: 69 ms
Execution time: 42555 ms
Construction time: 70 ms
Execution time: 42937 ms
Construction time: 81 ms
Execution time: 42957 ms
 
mode: TaroCBV1, #threads: 4, #streams: 4, job: sleep, #degrees: 2, #levels: 10
Construction time: 69 ms
Execution time: 21572 ms
Construction time: 79 ms
Execution time: 21574 ms
Construction time: 69 ms
Execution time: 21577 ms
 
mode: TaroCBV1, #threads: 4, #streams: 32, job: sleep, #degrees: 2, #levels: 10
Construction time: 67 ms
Execution time: 10936 ms
Construction time: 67 ms
Execution time: 10934 ms
Construction time: 68 ms
Execution time: 10935 ms
 
#####################
mode: TaroCBV2, #threads: 2, #streams: increase by algorithm, job: sleep, #degrees: 2, #levels: 10
Construction time: 77 ms
Execution time: 11536 ms
Construction time: 69 ms
Execution time: 11539 ms
Construction time: 77 ms
Execution time: 11538 ms
 
mode: TaroCBV2, #threads: 4, #streams: increase by algorithm, job: sleep, #degrees: 2, #levels: 10
Construction time: 71 ms
Execution time: 10970 ms
Construction time: 68 ms
Execution time: 10952 ms
Construction time: 85 ms
Execution time: 11039 ms
 
#####################
mode: TaroPV1, #threads: 2, #streams: 2, job: sleep, #degrees: 2, #levels: 10
Construction time: 76 ms
Execution time: 42965 ms
Construction time: 66 ms
Execution time: 42961 ms
Construction time: 75 ms
Execution time: 42963 ms
 
mode: TaroPV1, #threads: 2, #streams: 4, job: sleep, #degrees: 2, #levels: 10
Construction time: 68 ms
Execution time: 21553 ms
Construction time: 75 ms
Execution time: 21590 ms
Construction time: 71 ms
Execution time: 21588 ms
 
mode: TaroPV1, #threads: 2, #streams: 32, job: sleep, #degrees: 2, #levels: 10
Construction time: 69 ms
Execution time: 3726 ms
Construction time: 73 ms
Execution time: 3764 ms
Construction time: 99 ms
Execution time: 3714 ms
 
mode: TaroPV1, #threads: 4, #streams: 2, job: sleep, #degrees: 2, #levels: 10
Construction time: 84 ms
Execution time: 42956 ms
Construction time: 70 ms
Execution time: 42964 ms
Construction time: 98 ms
Execution time: 42969 ms
 
mode: TaroPV1, #threads: 4, #streams: 4, job: sleep, #degrees: 2, #levels: 10
Construction time: 82 ms
Execution time: 21597 ms
Construction time: 76 ms
Execution time: 21594 ms
Construction time: 84 ms
Execution time: 21670 ms
 
mode: TaroPV1, #threads: 4, #streams: 32, job: sleep, #degrees: 2, #levels: 10
Construction time: 78 ms
Execution time: 3166 ms
Construction time: 94 ms
Execution time: 3239 ms
Construction time: 76 ms
Execution time: 3209 ms
 
#####################
mode: cudaFlow, #threads: 2, #streams: default, job: sleep, #degrees: 2, #levels: 10
Construction time: 0 ms
Execution time: 46233 ms
Construction time: 0 ms
Execution time: 46238 ms
Construction time: 0 ms
Execution time: 46212 ms
mode: cudaFlow, #threads: 4, #streams: default, job: sleep, #degrees: 2, #levels: 10
Construction time: 0 ms
Execution time: 23165 ms
Construction time: 0 ms
Execution time: 23231 ms
Construction time: 0 ms
Execution time: 23259 ms
#####################
