nohup: ignoring input
start running...
mode: TaroCBTaskflow, #threads: 2, #streams: 2, job: sleep, #max_par_tasks: 30
Construction time: 79 ms
Execution time: 37801 ms
Construction time: 73 ms
Execution time: 37924 ms
Construction time: 69 ms
Execution time: 37799 ms
mode: TaroCBTaskflow, #threads: 2, #streams: 4, job: sleep, #max_par_tasks: 30
Construction time: 78 ms
Execution time: 37844 ms
Construction time: 68 ms
Execution time: 37843 ms
Construction time: 68 ms
Execution time: 37843 ms
mode: TaroCBTaskflow, #threads: 2, #streams: 32, job: sleep, #max_par_tasks: 30
Construction time: 66 ms
Execution time: 39000 ms
Construction time: 73 ms
Execution time: 39016 ms
Construction time: 75 ms
Execution time: 39059 ms
#####################
mode: TaroCBTaskflow, #threads: 4, #streams: 2, job: sleep, #max_par_tasks: 30
Construction time: 81 ms
Execution time: 37801 ms
Construction time: 70 ms
Execution time: 37924 ms
Construction time: 69 ms
Execution time: 37800 ms
mode: TaroCBTaskflow, #threads: 4, #streams: 4, job: sleep, #max_par_tasks: 30
Construction time: 76 ms
Execution time: 37844 ms
Construction time: 78 ms
Execution time: 37845 ms
Construction time: 73 ms
Execution time: 37835 ms
mode: TaroCBTaskflow, #threads: 4, #streams: 32, job: sleep, #max_par_tasks: 30
Construction time: 69 ms
Execution time: 39019 ms
Construction time: 69 ms
Execution time: 38934 ms
Construction time: 75 ms
Execution time: 38935 ms
#####################
mode: TaroCBV1, #threads: 2, #streams: 2, job: sleep, #max_par_tasks: 30
Construction time: 69 ms
Execution time: 38149 ms
Construction time: 79 ms
Execution time: 38150 ms
Construction time: 69 ms
Execution time: 38151 ms
mode: TaroCBV1, #threads: 2, #streams: 4, job: sleep, #max_par_tasks: 30
Construction time: 73 ms
Execution time: 27749 ms
Construction time: 70 ms
Execution time: 27750 ms
Construction time: 63 ms
Execution time: 27751 ms
mode: TaroCBV1, #threads: 2, #streams: 32, job: sleep, #max_par_tasks: 30
Construction time: 74 ms
Execution time: 27749 ms
Construction time: 69 ms
Execution time: 27751 ms
Construction time: 65 ms
Execution time: 27751 ms
#####################
mode: TaroCBV1, #threads: 4, #streams: 2, job: sleep, #max_par_tasks: 30
Construction time: 84 ms
Execution time: 38109 ms
Construction time: 75 ms
Execution time: 38113 ms
Construction time: 70 ms
Execution time: 38147 ms
mode: TaroCBV1, #threads: 4, #streams: 4, job: sleep, #max_par_tasks: 30
Construction time: 72 ms
Execution time: 19746 ms
Construction time: 71 ms
Execution time: 19789 ms
Construction time: 64 ms
Execution time: 19827 ms
mode: TaroCBV1, #threads: 4, #streams: 32, job: sleep, #max_par_tasks: 30
Construction time: 76 ms
Execution time: 14772 ms
Construction time: 74 ms
Execution time: 14817 ms
Construction time: 77 ms
Execution time: 14816 ms
#####################
mode: TaroCBV2, #threads: 2, #streams: increase by algorithm, job: sleep, #max_par_tasks: 30
Construction time: 79 ms
Execution time: 27753 ms
Construction time: 71 ms
Execution time: 27756 ms
Construction time: 68 ms
Execution time: 27754 ms
#####################
mode: TaroCBV2, #threads: 4, #streams: increase by algorithm, job: sleep, #max_par_tasks: 30
Construction time: 70 ms
Execution time: 14773 ms
Construction time: 72 ms
Execution time: 14753 ms
Construction time: 71 ms
Execution time: 14766 ms
#####################
mode: TaroPV1, #threads: 2, #streams: 2, job: sleep, #max_par_tasks: 30
Construction time: 80 ms
Execution time: 39879 ms
Construction time: 77 ms
Execution time: 40276 ms
Construction time: 78 ms
Execution time: 40162 ms
mode: TaroPV1, #threads: 2, #streams: 4, job: sleep, #max_par_tasks: 30
Construction time: 64 ms
Execution time: 28059 ms
Construction time: 68 ms
Execution time: 29976 ms
Construction time: 63 ms
Execution time: 29718 ms
mode: TaroPV1, #threads: 2, #streams: 32, job: sleep, #max_par_tasks: 30
Construction time: 70 ms
Execution time: 28448 ms
Construction time: 72 ms
Execution time: 29120 ms
Construction time: 93 ms
Execution time: 28200 ms
#####################
mode: TaroPV1, #threads: 4, #streams: 2, job: sleep, #max_par_tasks: 30
Construction time: 77 ms
Execution time: 39709 ms
Construction time: 70 ms
Execution time: 39760 ms
Construction time: 101 ms
Execution time: 39710 ms
mode: TaroPV1, #threads: 4, #streams: 4, job: sleep, #max_par_tasks: 30
Construction time: 66 ms
Execution time: 21079 ms
Construction time: 65 ms
Execution time: 21124 ms
Construction time: 68 ms
Execution time: 21147 ms
mode: TaroPV1, #threads: 4, #streams: 32, job: sleep, #max_par_tasks: 30
Construction time: 73 ms
Execution time: 15051 ms
Construction time: 74 ms
Execution time: 15315 ms
Construction time: 66 ms
Execution time: 15642 ms
#####################
mode: cudaFlow, #threads: 2, #streams: default, job: sleep, #max_par_tasks: 30
Construction time: 0 ms
Execution time: 64829 ms
Construction time: 0 ms
Execution time: 64838 ms
Construction time: 0 ms
Execution time: 65251 ms
#####################
mode: cudaFlow, #threads: 4, #streams: default, job: sleep, #max_par_tasks: 30
Construction time: 0 ms
Execution time: 32867 ms
Construction time: 0 ms
Execution time: 33308 ms
Construction time: 0 ms
Execution time: 33843 ms
#####################
