nohup: ignoring input
start running...
mode: TaroCBTaskflow, #threads: 2, #streams: 2, job: sleep, #max_par_tasks: 30
Construction time: 78 ms
Execution time: 37675 ms
Construction time: 78 ms
Execution time: 37674 ms
Construction time: 76 ms
Execution time: 37763 ms
mode: TaroCBTaskflow, #threads: 2, #streams: 4, job: sleep, #max_par_tasks: 30
Construction time: 70 ms
Execution time: 37757 ms
Construction time: 73 ms
Execution time: 37745 ms
Construction time: 67 ms
Execution time: 37757 ms
mode: TaroCBTaskflow, #threads: 2, #streams: 32, job: sleep, #max_par_tasks: 30
Construction time: 73 ms
Execution time: 38846 ms
Construction time: 72 ms
Execution time: 38843 ms
Construction time: 74 ms
Execution time: 38844 ms
#####################
mode: TaroCBTaskflow, #threads: 4, #streams: 2, job: sleep, #max_par_tasks: 30
Construction time: 71 ms
Execution time: 37675 ms
Construction time: 72 ms
Execution time: 37674 ms
Construction time: 74 ms
Execution time: 37765 ms
mode: TaroCBTaskflow, #threads: 4, #streams: 4, job: sleep, #max_par_tasks: 30
Construction time: 78 ms
Execution time: 37748 ms
Construction time: 66 ms
Execution time: 37754 ms
Construction time: 86 ms
Execution time: 37752 ms
mode: TaroCBTaskflow, #threads: 4, #streams: 32, job: sleep, #max_par_tasks: 30
Construction time: 65 ms
Execution time: 38933 ms
Construction time: 68 ms
Execution time: 38843 ms
Construction time: 73 ms
Execution time: 38932 ms
#####################
mode: TaroCBV1, #threads: 2, #streams: 2, job: sleep, #max_par_tasks: 30
Construction time: 67 ms
Execution time: 37943 ms
Construction time: 80 ms
Execution time: 37939 ms
Construction time: 67 ms
Execution time: 37927 ms
mode: TaroCBV1, #threads: 2, #streams: 4, job: sleep, #max_par_tasks: 30
Construction time: 70 ms
Execution time: 19268 ms
Construction time: 66 ms
Execution time: 19279 ms
Construction time: 66 ms
Execution time: 19350 ms
mode: TaroCBV1, #threads: 2, #streams: 32, job: sleep, #max_par_tasks: 30
Construction time: 67 ms
Execution time: 10179 ms
Construction time: 66 ms
Execution time: 10180 ms
Construction time: 70 ms
Execution time: 10180 ms
#####################
mode: TaroCBV1, #threads: 4, #streams: 2, job: sleep, #max_par_tasks: 30
Construction time: 75 ms
Execution time: 37853 ms
Construction time: 80 ms
Execution time: 37935 ms
Construction time: 77 ms
Execution time: 37852 ms
mode: TaroCBV1, #threads: 4, #streams: 4, job: sleep, #max_par_tasks: 30
Construction time: 68 ms
Execution time: 19248 ms
Construction time: 71 ms
Execution time: 19250 ms
Construction time: 64 ms
Execution time: 19259 ms
mode: TaroCBV1, #threads: 4, #streams: 32, job: sleep, #max_par_tasks: 30
Construction time: 70 ms
Execution time: 10162 ms
Construction time: 68 ms
Execution time: 10161 ms
Construction time: 65 ms
Execution time: 10164 ms
#####################
mode: TaroCBV2, #threads: 2, #streams: increase by algorithm, job: sleep, #max_par_tasks: 30
Construction time: 77 ms
Execution time: 10115 ms
Construction time: 76 ms
Execution time: 10109 ms
Construction time: 69 ms
Execution time: 10104 ms
#####################
mode: TaroCBV2, #threads: 4, #streams: increase by algorithm, job: sleep, #max_par_tasks: 30
Construction time: 72 ms
Execution time: 9749 ms
Construction time: 69 ms
Execution time: 9921 ms
Construction time: 71 ms
Execution time: 10006 ms
#####################
mode: TaroPV1, #threads: 2, #streams: 2, job: sleep, #max_par_tasks: 30
Construction time: 67 ms
Execution time: 37859 ms
Construction time: 78 ms
Execution time: 37861 ms
Construction time: 75 ms
Execution time: 37872 ms
mode: TaroPV1, #threads: 2, #streams: 4, job: sleep, #max_par_tasks: 30
Construction time: 73 ms
Execution time: 19256 ms
Construction time: 71 ms
Execution time: 19206 ms
Construction time: 62 ms
Execution time: 19193 ms
mode: TaroPV1, #threads: 2, #streams: 32, job: sleep, #max_par_tasks: 30
Construction time: 75 ms
Execution time: 5507 ms
Construction time: 76 ms
Execution time: 5548 ms
Construction time: 79 ms
Execution time: 5505 ms
#####################
mode: TaroPV1, #threads: 4, #streams: 2, job: sleep, #max_par_tasks: 30
Construction time: 72 ms
Execution time: 37876 ms
Construction time: 66 ms
Execution time: 37866 ms
Construction time: 73 ms
Execution time: 37852 ms
mode: TaroPV1, #threads: 4, #streams: 4, job: sleep, #max_par_tasks: 30
Construction time: 96 ms
Execution time: 19193 ms
Construction time: 110 ms
Execution time: 19196 ms
Construction time: 94 ms
Execution time: 19294 ms
mode: TaroPV1, #threads: 4, #streams: 32, job: sleep, #max_par_tasks: 30
Construction time: 73 ms
Execution time: 5437 ms
Construction time: 68 ms
Execution time: 5434 ms
Construction time: 95 ms
Execution time: 5454 ms
#####################
mode: cudaFlow, #threads: 2, #streams: default, job: sleep, #max_par_tasks: 30
Construction time: 0 ms
Execution time: 41674 ms
Construction time: 0 ms
Execution time: 41060 ms
Construction time: 0 ms
Execution time: 41063 ms
#####################
mode: cudaFlow, #threads: 4, #streams: default, job: sleep, #max_par_tasks: 30
Construction time: 0 ms
Execution time: 21027 ms
Construction time: 0 ms
Execution time: 21373 ms
Construction time: 0 ms
Execution time: 20924 ms
#####################
